
"Thu 2020-06-04 14:45:19","BOOK.CSV","admin","Delete book"
"Thu 2020-06-04 14:45:22","BOOK.CSV","admin","List all book"
"Thu 2020-06-04 14:45:28","BOOK.CSV","admin","List all student, who have books"
"Thu 2020-06-04 14:47:14","BOOK.CSV","q","List all book"
"Thu 2020-06-04 14:47:15","BOOK.CSV","q","List all student, who have books"
"Thu 2020-06-04 14:47:22","STUDENT.CSV","q","List all book"
"Thu 2020-06-04 14:47:26","STUDENT.CSV","q"
"Thu 2020-06-04 14:48:09","BOOK.CSV","q","List all student, who have books"
"Thu 2020-06-04 14:48:22","BOOK.CSV","q","List all student, who have books"
"Thu 2020-06-04 14:49:25","STUDENT.CSV","q","List all student, who have books"
"Thu 2020-06-04 14:49:42","BOOK.CSV","q","List all student, who have books"
"Thu 2020-06-04 14:49:47","BOOK.CSV","q","List all book"
"Thu 2020-06-04 15:12:00","BOOK.CSV","q","List all book"
"Thu 2020-06-04 15:12:10","BOOK.CSV","q","Edit book"
"Thu 2020-06-04 15:45:34","BOOK.CSV","q","List all book"
"Thu 2020-06-04 15:45:45","BOOK.CSV","q","Change book"
"Thu 2020-06-04 15:48:41","BOOK.CSV","q","Change book"
"Thu 2020-06-04 15:49:33","BOOK.CSV","q","Change book"
"Thu 2020-06-04 15:50:48","BOOK.CSV","q","Change book"
"Thu 2020-06-04 15:51:50","BOOK.CSV","q","Change book"
"Thu 2020-06-04 15:52:08","BOOK.CSV","q","List all book"
"Thu 2020-06-04 15:53:07","BOOK.CSV","q","Change book"
"Thu 2020-06-04 15:55:29","BOOK.CSV","q","Change book"
"Thu 2020-06-04 15:56:54","BOOK.CSV","q","Change book"
"Thu 2020-06-04 15:57:36","BOOK.CSV","q","Change book"
"Thu 2020-06-04 15:57:52","BOOK.CSV","q","Change book"
"Thu 2020-06-04 15:58:21","BOOK.CSV","q","Change book"
"Thu 2020-06-04 15:59:58","BOOK.CSV","q","Change book"
"Thu 2020-06-04 16:15:22","BOOK.CSV","q","List all book"
"Thu 2020-06-04 16:16:00","BOOK.CSV","q","List all book"
"Thu 2020-06-04 16:16:15","BOOK.CSV","q","List all book"
"Thu 2020-06-04 16:15:34","BOOK.CSV","q"
"Thu 2020-06-04 16:16:09","BOOK.CSV","q"
"Thu 2020-06-04 16:16:20","BOOK.CSV","q"
"Thu 2020-06-04 16:18:02","BOOK.CSV","q","List all book"
"Thu 2020-06-04 16:18:10","BOOK.CSV","q"
"Thu 2020-06-04 23:40:47","BOOK.CSV","q","List all book"
"Thu 2020-06-04 23:40:59","BOOK.CSV","q","List all book"
"Thu 2020-06-04 23:41:10","STUDENT.CSV","q","List all students"
"Thu 2020-06-04 23:41:46","BOOK.CSV","q","List all student, who have books"
"Thu 2020-06-04 23:41:34","BOOK.CSV","q"
"Thu 2020-06-04 23:43:04","BOOK.CSV","q","List all student, who have books"
"Thu 2020-06-04 23:43:27","BOOK.CSV","q","List all student, who have books"
"Thu 2020-06-04 23:43:22","BOOK.CSV","q"
"Thu 2020-06-04 23:45:25","BOOK.CSV","q","List all student, who have books"
"Thu 2020-06-04 23:45:26","BOOK.CSV","q","List all book"
"Thu 2020-06-04 23:45:50","BOOK.CSV","q","List all student, who have books"
"Thu 2020-06-04 23:45:46","BOOK.CSV","q"
"Fri 2020-06-05 00:17:29","BOOK.CSV","q","List all student, who have books"
"Fri 2020-06-05 00:18:02","BOOK.CSV","q","List all student, who have books"
"Fri 2020-06-05 00:18:47","BOOK.CSV","q","List all student, who have books"
"Fri 2020-06-05 00:17:57","BOOK.CSV","q"
"Fri 2020-06-05 00:18:37","BOOK.CSV","q"
"Fri 2020-06-05 00:20:08","BOOK.CSV","q","List all student, who have books"
"Fri 2020-06-05 00:20:27","BOOK.CSV","q","List all student, who have books"
"Fri 2020-06-05 00:21:06","BOOK.CSV","q","List all book"
"Fri 2020-06-05 00:21:08","BOOK.CSV","q","List all student, who have books"
"Fri 2020-06-05 00:23:00","BOOK.CSV","q","List all student, who have books"
"Fri 2020-06-05 00:23:49","BOOK.CSV","q","List all student, who have books"
"Fri 2020-06-05 00:23:53","BOOK.CSV","q","List all book"
"Fri 2020-06-05 00:24:36","BOOK.CSV","q","List all student, who have books"
"Fri 2020-06-05 00:24:38","BOOK.CSV","q","List all book"
"Fri 2020-06-05 00:24:45","BOOK.CSV","q","List all student, who have books"
"Fri 2020-06-05 00:25:00","BOOK.CSV","q","List all book"
"Fri 2020-06-05 00:25:34","BOOK.CSV","q","List all student, who have books"
"Fri 2020-06-05 00:25:54","BOOK.CSV","q","List all book"
"Fri 2020-06-05 00:24:26","BOOK.CSV","q"
"Fri 2020-06-05 00:24:56","BOOK.CSV","q"
"Fri 2020-06-05 00:25:49","BOOK.CSV","q"
"Fri 2020-06-05 00:36:24","BOOK.CSV","q","List all student, who have books"
"Fri 2020-06-05 00:37:12","BOOK.CSV","q","List all student, who have books"
"Fri 2020-06-05 00:37:25","BOOK.CSV","q"
"Fri 2020-06-05 01:03:38","BOOK.CSV","q","Edit book"
"Fri 2020-06-05 01:03:04","BOOK.CSV","q"
"Fri 2020-06-05 01:05:35","BOOK.CSV","q"
"Fri 2020-06-05 01:24:19","BOOK.CSV","q","List all student, who have books"
"Fri 2020-06-05 01:25:08","BOOK.CSV","q","List all student, who have books"
"Fri 2020-06-05 01:25:17","BOOK.CSV","q"
"Fri 2020-06-05 01:50:24","BOOK.CSV","q","List all student, who have books"
"Fri 2020-06-05 01:50:42","BOOK.CSV","q","List all student, who have books"
"Fri 2020-06-05 01:50:35","BOOK.CSV","q"
"Fri 2020-06-05 01:50:58","BOOK.CSV","q"
"Fri 2020-06-05 16:48:00","STUDENT.CSV","q","List all students"
"Fri 2020-06-05 16:47:53","STUDENT.CSV","q"
"Fri 2020-06-05 16:48:13","STUDENT.CSV","q"
"Fri 2020-06-05 17:01:32","STUDENT.CSV","q","List all student, who have books"
"Fri 2020-06-05 17:02:23","STUDENT.CSV","q","List all student, who have books"
"Fri 2020-06-05 17:02:32","STUDENT.CSV","q"
"Fri 2020-06-05 17:03:29","STUDENT.CSV","q","List all student, who have books"
"Fri 2020-06-05 17:03:34","STUDENT.CSV","q"
"Fri 2020-06-05 17:03:55","STUDENT.CSV","q"
"Fri 2020-06-05 17:39:47","BOOK.CSV","q","Make a copy of the file"
"Fri 2020-06-05 18:29:00","BOOK.CSV","q","Make a copy of the file"
"Fri 2020-06-05 18:29:46","BOOK.CSV","q","List all book"
"Fri 2020-06-05 18:30:01","BOOK.CSV","q","Restore a file"
"Fri 2020-06-05 18:30:04","BOOK.CSV","q","List all book"
"Fri 2020-06-05 18:35:21","STUDENT.CSV","q","Make a copy of the file"
"Fri 2020-06-05 18:38:47","STUDENT.CSV","q","List all students"
"Fri 2020-06-05 18:39:05","STUDENT.CSV","q","Restore a file"
"Fri 2020-06-05 18:39:08","STUDENT.CSV","q","List all students"
"Mon 2020-06-08 08:24:12","BOOK.CSV","q","List all student, who have books"
"Mon 2020-06-08 08:24:33","BOOK.CSV","q","Delete book"
"Mon 2020-06-08 08:24:37","BOOK.CSV","q","List all book"
"Mon 2020-06-08 08:25:00","BOOK.CSV","q","Give book to a student"
"Mon 2020-06-08 08:25:41","BOOK.CSV","q","Give book to a student"
"Mon 2020-06-08 08:27:03","BOOK.CSV","q","List all book"
"Mon 2020-06-08 08:27:17","STUDENT.CSV","q","List all students"
"Mon 2020-06-08 08:28:05","BOOK.CSV","q","Give book to a student"
"Mon 2020-06-08 08:28:07","BOOK.CSV","q","List all student, who have books"
"Mon 2020-06-08 08:28:14","BOOK.CSV","q","List all book"
"Mon 2020-06-08 08:29:20","BOOK.CSV","q","Take book to a student"
"Mon 2020-06-08 08:29:23","BOOK.CSV","q","List all student, who have books"
"Mon 2020-06-08 08:38:03","BOOK.CSV","q","List all student, who have books"
"Mon 2020-06-08 08:38:05","BOOK.CSV","q","List all book"
"Mon 2020-06-08 08:39:45","STUDENT.CSV","q","List all students"
"Mon 2020-06-08 08:41:03","BOOK.CSV","q","Give book to a student"
"Mon 2020-06-08 08:41:07","BOOK.CSV","q","List all book"
"Mon 2020-06-08 08:41:08","BOOK.CSV","q","List all student, who have books"
"Mon 2020-06-08 08:41:40","BOOK.CSV","q","Restore a file"
"Mon 2020-06-08 08:41:47","BOOK.CSV","q","List all student, who have books"
"Mon 2020-06-08 08:41:55","BOOK.CSV","q","Make a copy of the file"
"Mon 2020-06-08 08:56:13","BOOK.CSV","q","List all book"
"Mon 2020-06-08 08:56:49","BOOK.CSV","q","Add new books"
"Mon 2020-06-08 08:56:56","BOOK.CSV","q","List all book"
